[2024-10-16T00:47:37.507Z] Gelen topic: machines/card
[2024-10-16T00:47:37.561Z] İşlenen mesaj: {"serialNumber": "6660469940078142", "cardID": "1:d9:e5:2e"}
[2024-10-16T00:47:37.564Z] Normalized topic: machines/card
[2024-10-16T00:47:37.574Z] Kart mesajı işleniyor
[2024-10-16T00:47:37.603Z] RFID Kart geçerli: Murat DALGIC
[2024-10-16T00:47:37.760Z] Gelen topic: machines/delivery/request
[2024-10-16T00:47:37.763Z] İşlenen mesaj: {"serialNumber": "6660469940078142", "cardID": "1:d9:e5:2e", "compartmentNumber": -1}
[2024-10-16T00:47:37.779Z] Normalized topic: machines/delivery/request
[2024-10-16T00:47:37.790Z] Teslimat mesajı işleniyor
[2024-10-16T00:47:37.859Z] Geçersiz bölme numarası: -1 veya bölme zaten boş.
[2024-10-16T00:47:58.842Z] MQTT işlemleri başlatıldı
[2024-10-16T00:47:58.941Z] MQTT Broker bağlantısı başarılı
[2024-10-16T00:47:58.956Z] MQTT Broker bağlantısı başarılı
[2024-10-16T00:47:59.041Z] Başarıyla abone olundu
[2024-10-16T00:47:59.047Z] Başarıyla abone olundu
[2024-10-16T00:51:12.179Z] MQTT işlemleri başlatılıyor...
[2024-10-16T00:51:12.276Z] MQTT Broker bağlantısı başarılı
[2024-10-16T00:51:12.287Z] MQTT Broker bağlantısı başarılı
[2024-10-16T00:51:12.360Z] Başarıyla abone olundu
[2024-10-16T00:51:12.364Z] Başarıyla abone olundu
[2024-10-16T00:54:13.637Z] MQTT işlemleri başlatılıyor...
[2024-10-16T00:54:13.740Z] MQTT Broker bağlantısı başarılı
[2024-10-16T00:54:13.753Z] MQTT Broker bağlantısı başarılı
[2024-10-16T00:54:13.821Z] Başarıyla abone olundu
[2024-10-16T00:54:13.833Z] Başarıyla abone olundu
[2024-10-16T00:55:49.004Z] MQTT işlemleri başlatılıyor...
[2024-10-16T00:55:49.110Z] MQTT Broker bağlantısı başarılı
[2024-10-16T00:55:49.146Z] MQTT Broker bağlantısı başarılı
[2024-10-16T00:55:49.242Z] Başarıyla abone olundu
[2024-10-16T00:55:49.247Z] Başarıyla abone olundu
[2024-10-16T00:56:21.998Z] MQTT işlemleri başlatılıyor...
[2024-10-16T00:56:22.107Z] MQTT Broker bağlantısı başarılı
[2024-10-16T00:56:22.137Z] MQTT Broker bağlantısı başarılı
[2024-10-16T00:56:22.197Z] Başarıyla abone olundu
[2024-10-16T00:56:22.206Z] Başarıyla abone olundu
[2024-10-16T00:59:50.308Z] MQTT işlemleri başlatılıyor...
[2024-10-16T00:59:50.427Z] MQTT Broker bağlantısı başarılı
[2024-10-16T00:59:50.443Z] MQTT Broker bağlantısı başarılı
[2024-10-16T00:59:50.471Z] Başarıyla abone olundu
[2024-10-16T00:59:50.476Z] Başarıyla abone olundu
[2024-10-16T01:03:30.684Z] MQTT işlemleri başlatılıyor...
[2024-10-16T01:03:30.873Z] MQTT Broker bağlantısı başarılı
[2024-10-16T01:03:30.964Z] Başarıyla abone olundu
[2024-10-16T01:04:21.088Z] Gelen topic: machines/register
[2024-10-16T01:04:21.095Z] İşlenen mesaj: {"serialNumber": "6660469940078142"}
[2024-10-16T01:04:21.099Z] Normalized topic: machines/register
[2024-10-16T01:04:21.102Z] Kayıt mesajı işleniyor
[2024-10-16T01:04:21.174Z] Mesaj işlenirken hata oluştu: logMessage is not a function
[2024-10-16T01:06:05.578Z] MQTT işlemleri başlatılıyor...
[2024-10-16T01:06:05.792Z] MQTT Broker bağlantısı başarılı
[2024-10-16T01:06:05.901Z] Başarıyla abone olundu
[2024-10-16T01:06:10.789Z] Gelen topic: machines/register
[2024-10-16T01:06:10.793Z] İşlenen mesaj: {"serialNumber": "6660469940078142"}
[2024-10-16T01:06:10.808Z] Normalized topic: machines/register
[2024-10-16T01:06:10.813Z] Kayıt mesajı işleniyor
[2024-10-16T01:06:10.884Z] Makine zaten kayıtlı: Seri Numarası - 6660469940078142
[2024-10-16T01:06:24.443Z] Gelen topic: machines/card
[2024-10-16T01:06:24.448Z] İşlenen mesaj: {"serialNumber": "6660469940078142", "cardID": "1:d9:e5:2e"}
[2024-10-16T01:06:24.465Z] Normalized topic: machines/card
[2024-10-16T01:06:24.473Z] Kart mesajı işleniyor
[2024-10-16T01:06:24.498Z] RFID Kart geçerli: Murat DALGIC
[2024-10-16T01:06:24.501Z] Kart kontrol sırasında hata oluştu: client.publish is not a function
[2024-10-16T01:06:24.509Z] Mesaj işlenirken hata oluştu: client.publish is not a function
[2024-10-16T01:08:42.681Z] MQTT işlemleri başlatılıyor...
[2024-10-16T01:08:42.915Z] MQTT Broker bağlantısı başarılı
[2024-10-16T01:08:43.010Z] Başarıyla abone olundu
[2024-10-16T01:08:45.313Z] Gelen topic: machines/card
[2024-10-16T01:08:45.316Z] İşlenen mesaj: {"serialNumber": "6660469940078142", "cardID": "1:d9:e5:2e"}
[2024-10-16T01:08:45.325Z] Normalized topic: machines/card
[2024-10-16T01:08:45.333Z] Kart mesajı işleniyor
[2024-10-16T01:08:45.389Z] RFID Kart geçerli: Murat DALGIC
[2024-10-16T01:08:45.391Z] Kart kontrol sırasında hata oluştu: client.publish is not a function
[2024-10-16T01:08:45.403Z] Mesaj işlenirken hata oluştu: client.publish is not a function
[2024-10-16T01:09:15.024Z] MQTT işlemleri başlatılıyor...
[2024-10-16T01:09:15.232Z] MQTT Broker bağlantısı başarılı
[2024-10-16T01:09:15.315Z] Başarıyla abone olundu
[2024-10-16T01:09:17.365Z] Gelen topic: machines/card
[2024-10-16T01:09:17.376Z] İşlenen mesaj: {"serialNumber": "6660469940078142", "cardID": "1:d9:e5:2e"}
[2024-10-16T01:09:17.386Z] Normalized topic: machines/card
[2024-10-16T01:09:17.391Z] Kart mesajı işleniyor
[2024-10-16T01:09:17.460Z] RFID Kart geçerli: Murat DALGIC
[2024-10-16T01:09:17.463Z] Kart kontrol sırasında hata oluştu: client.publish is not a function
[2024-10-16T01:09:17.474Z] Mesaj işlenirken hata oluştu: client.publish is not a function
[2024-10-16T01:10:18.898Z] MQTT işlemleri başlatılıyor...
[2024-10-16T01:10:19.129Z] MQTT Broker bağlantısı başarılı
[2024-10-16T01:10:19.209Z] Başarıyla abone olundu
[2024-10-16T01:12:45.162Z] MQTT işlemleri başlatılıyor...
[2024-10-16T01:12:45.354Z] MQTT Broker bağlantısı başarılı
[2024-10-16T01:12:45.432Z] Başarıyla abone olundu
[2024-10-16T01:13:13.899Z] Gelen topic: machines/card
[2024-10-16T01:13:13.907Z] İşlenen mesaj: {"serialNumber": "6660469940078142", "cardID": "1:d9:e5:2e"}
[2024-10-16T01:13:13.922Z] Normalized topic: machines/card
[2024-10-16T01:13:13.934Z] Kart mesajı işleniyor
[2024-10-16T01:13:14.004Z] RFID Kart geçerli: Murat DALGIC
[2024-10-16T01:13:14.007Z] Kart kontrol sırasında hata oluştu: client.publish is not a function
[2024-10-16T01:13:14.017Z] Mesaj işlenirken hata oluştu: client.publish is not a function
[2024-10-16T01:14:30.731Z] MQTT işlemleri başlatılıyor...
[2024-10-16T01:14:30.955Z] MQTT Broker bağlantısı başarılı
[2024-10-16T01:14:31.032Z] Başarıyla abone olundu
[2024-10-16T01:14:51.322Z] MQTT işlemleri başlatılıyor...
[2024-10-16T01:14:51.417Z] MQTT Broker bağlantısı başarılı
[2024-10-16T01:14:51.443Z] MQTT Broker bağlantısı başarılı
[2024-10-16T01:14:51.514Z] Başarıyla abone olundu
[2024-10-16T01:14:51.518Z] Başarıyla abone olundu
[2024-10-16T01:15:16.248Z] MQTT işlemleri başlatılıyor...
[2024-10-16T01:15:16.482Z] MQTT Broker bağlantısı başarılı
[2024-10-16T01:15:16.573Z] Başarıyla abone olundu
[2024-10-16T01:17:35.000Z] MQTT işlemleri başlatılıyor...
[2024-10-16T01:17:35.204Z] MQTT Broker bağlantısı başarılı
[2024-10-16T01:17:35.298Z] Başarıyla abone olundu
[2024-10-16T01:24:21.864Z] MQTT işlemleri başlatılıyor...
[2024-10-16T01:24:22.141Z] MQTT Broker bağlantısı başarılı
[2024-10-16T01:24:22.240Z] Başarıyla abone olundu
[2024-10-16T01:25:51.562Z] MQTT işlemleri başlatılıyor...
[2024-10-16T01:25:51.770Z] MQTT Broker bağlantısı başarılı
[2024-10-16T01:25:51.843Z] Başarıyla abone olundu
[2024-10-16T01:26:13.002Z] MQTT işlemleri başlatılıyor...
[2024-10-16T01:26:13.217Z] MQTT Broker bağlantısı başarılı
[2024-10-16T01:26:13.313Z] Başarıyla abone olundu
[2024-10-16T01:27:40.221Z] MQTT işlemleri başlatılıyor...
[2024-10-16T01:27:40.462Z] MQTT Broker bağlantısı başarılı
[2024-10-16T01:27:40.538Z] Başarıyla abone olundu
[2024-10-16T01:27:50.341Z] MQTT işlemleri başlatılıyor...
[2024-10-16T01:27:50.583Z] MQTT Broker bağlantısı başarılı
[2024-10-16T01:27:50.661Z] Başarıyla abone olundu
[2024-10-16T02:00:26.348Z] MQTT işlemleri başlatılıyor...
[2024-10-16T02:02:46.707Z] MQTT işlemleri başlatılıyor...
[2024-10-16T02:02:46.859Z] MQTT Broker bağlantısı başarılı
[2024-10-16T02:02:46.921Z] Başarıyla abone olundu
